<?xml version="1.0" encoding="UTF-8"?>
<testsuite xmlns:xsi="http://www.w3.org/2001/XMLSchema-instance" xsi:noNamespaceSchemaLocation="https://maven.apache.org/surefire/maven-surefire-plugin/xsd/surefire-test-report-3.0.xsd" version="3.0" name="io.fabric8.quickstarts.eip.RegionSupportTest" time="0.195" tests="1" errors="0" skipped="0" failures="0">
  <properties>
    <property name="sun.desktop" value="windows"/>
    <property name="awt.toolkit" value="sun.awt.windows.WToolkit"/>
    <property name="java.specification.version" value="11"/>
    <property name="sun.cpu.isalist" value="amd64"/>
    <property name="sun.jnu.encoding" value="Cp1256"/>
    <property name="java.class.path" value="Y:\jboss-fuse-6.2.1.redhat-084\quickstarts\beginner\camel-eips\target\test-classes;Y:\jboss-fuse-6.2.1.redhat-084\quickstarts\beginner\camel-eips\target\classes;C:\Users\Oraib.Maswadeh\.m2\repository\org\apache\camel\camel-blueprint\2.15.1.redhat-621084\camel-blueprint-2.15.1.redhat-621084.jar;C:\Users\Oraib.Maswadeh\.m2\repository\org\apache\camel\camel-core\2.15.1.redhat-621084\camel-core-2.15.1.redhat-621084.jar;C:\Users\Oraib.Maswadeh\.m2\repository\com\sun\xml\bind\jaxb-core\2.2.11\jaxb-core-2.2.11.jar;C:\Users\Oraib.Maswadeh\.m2\repository\com\sun\xml\bind\jaxb-impl\2.2.11\jaxb-impl-2.2.11.jar;C:\Users\Oraib.Maswadeh\.m2\repository\org\apache\camel\camel-core-xml\2.15.1.redhat-621084\camel-core-xml-2.15.1.redhat-621084.jar;C:\Users\Oraib.Maswadeh\.m2\repository\org\apache\camel\camel-core-osgi\2.15.1.redhat-621084\camel-core-osgi-2.15.1.redhat-621084.jar;C:\Users\Oraib.Maswadeh\.m2\repository\org\slf4j\slf4j-api\1.7.7\slf4j-api-1.7.7.jar;C:\Users\Oraib.Maswadeh\.m2\repository\junit\junit\4.11\junit-4.11.jar;C:\Users\Oraib.Maswadeh\.m2\repository\org\hamcrest\hamcrest-core\1.3\hamcrest-core-1.3.jar;C:\Users\Oraib.Maswadeh\.m2\repository\org\slf4j\slf4j-log4j12\1.7.7\slf4j-log4j12-1.7.7.jar;C:\Users\Oraib.Maswadeh\.m2\repository\log4j\log4j\1.2.17\log4j-1.2.17.jar;"/>
    <property name="java.vm.vendor" value="Oracle Corporation"/>
    <property name="sun.arch.data.model" value="64"/>
    <property name="user.variant" value=""/>
    <property name="java.vendor.url" value="https://openjdk.java.net/"/>
    <property name="user.timezone" value="GMT+02:00"/>
    <property name="java.vm.specification.version" value="11"/>
    <property name="os.name" value="Windows 10"/>
    <property name="sun.java.launcher" value="SUN_STANDARD"/>
    <property name="user.country" value="US"/>
    <property name="sun.boot.library.path" value="C:\Program Files\Java\jdk-11.0.16.1\bin"/>
    <property name="sun.java.command" value="C:\Users\Oraib.Maswadeh\AppData\Local\Temp\surefire8904375130190530330\surefirebooter-20221220141107640_3.jar C:\Users\Oraib.Maswadeh\AppData\Local\Temp\surefire8904375130190530330 2022-12-20T14-11-06_624-jvmRun1 surefire-20221220141107640_1tmp surefire_0-20221220141107640_2tmp"/>
    <property name="jdk.debug" value="release"/>
    <property name="surefire.test.class.path" value="Y:\jboss-fuse-6.2.1.redhat-084\quickstarts\beginner\camel-eips\target\test-classes;Y:\jboss-fuse-6.2.1.redhat-084\quickstarts\beginner\camel-eips\target\classes;C:\Users\Oraib.Maswadeh\.m2\repository\org\apache\camel\camel-blueprint\2.15.1.redhat-621084\camel-blueprint-2.15.1.redhat-621084.jar;C:\Users\Oraib.Maswadeh\.m2\repository\org\apache\camel\camel-core\2.15.1.redhat-621084\camel-core-2.15.1.redhat-621084.jar;C:\Users\Oraib.Maswadeh\.m2\repository\com\sun\xml\bind\jaxb-core\2.2.11\jaxb-core-2.2.11.jar;C:\Users\Oraib.Maswadeh\.m2\repository\com\sun\xml\bind\jaxb-impl\2.2.11\jaxb-impl-2.2.11.jar;C:\Users\Oraib.Maswadeh\.m2\repository\org\apache\camel\camel-core-xml\2.15.1.redhat-621084\camel-core-xml-2.15.1.redhat-621084.jar;C:\Users\Oraib.Maswadeh\.m2\repository\org\apache\camel\camel-core-osgi\2.15.1.redhat-621084\camel-core-osgi-2.15.1.redhat-621084.jar;C:\Users\Oraib.Maswadeh\.m2\repository\org\slf4j\slf4j-api\1.7.7\slf4j-api-1.7.7.jar;C:\Users\Oraib.Maswadeh\.m2\repository\junit\junit\4.11\junit-4.11.jar;C:\Users\Oraib.Maswadeh\.m2\repository\org\hamcrest\hamcrest-core\1.3\hamcrest-core-1.3.jar;C:\Users\Oraib.Maswadeh\.m2\repository\org\slf4j\slf4j-log4j12\1.7.7\slf4j-log4j12-1.7.7.jar;C:\Users\Oraib.Maswadeh\.m2\repository\log4j\log4j\1.2.17\log4j-1.2.17.jar;"/>
    <property name="sun.cpu.endian" value="little"/>
    <property name="user.home" value="C:\Users\Oraib.Maswadeh"/>
    <property name="user.language" value="en"/>
    <property name="java.specification.vendor" value="Oracle Corporation"/>
    <property name="java.version.date" value="2022-08-18"/>
    <property name="java.home" value="C:\Program Files\Java\jdk-11.0.16.1"/>
    <property name="file.separator" value="\"/>
    <property name="basedir" value="Y:\jboss-fuse-6.2.1.redhat-084\quickstarts\beginner\camel-eips"/>
    <property name="java.vm.compressedOopsMode" value="32-bit"/>
    <property name="line.separator" value="&#10;"/>
    <property name="java.specification.name" value="Java Platform API Specification"/>
    <property name="java.vm.specification.vendor" value="Oracle Corporation"/>
    <property name="java.awt.graphicsenv" value="sun.awt.Win32GraphicsEnvironment"/>
    <property name="surefire.real.class.path" value="C:\Users\Oraib.Maswadeh\AppData\Local\Temp\surefire8904375130190530330\surefirebooter-20221220141107640_3.jar"/>
    <property name="user.script" value=""/>
    <property name="sun.management.compiler" value="HotSpot 64-Bit Tiered Compilers"/>
    <property name="java.runtime.version" value="11.0.16.1+1-LTS-1"/>
    <property name="user.name" value="Oraib.Maswadeh"/>
    <property name="path.separator" value=";"/>
    <property name="os.version" value="10.0"/>
    <property name="java.runtime.name" value="Java(TM) SE Runtime Environment"/>
    <property name="file.encoding" value="Cp1256"/>
    <property name="java.vm.name" value="Java HotSpot(TM) 64-Bit Server VM"/>
    <property name="java.vendor.version" value="18.9"/>
    <property name="localRepository" value="C:\Users\Oraib.Maswadeh\.m2\repository"/>
    <property name="java.vendor.url.bug" value="https://bugreport.java.com/bugreport/"/>
    <property name="java.io.tmpdir" value="C:\Users\ORAIB~1.MAS\AppData\Local\Temp\"/>
    <property name="idea.version" value="2022.2.3"/>
    <property name="java.version" value="11.0.16.1"/>
    <property name="user.dir" value="Y:\jboss-fuse-6.2.1.redhat-084\quickstarts\beginner\camel-eips"/>
    <property name="os.arch" value="amd64"/>
    <property name="java.vm.specification.name" value="Java Virtual Machine Specification"/>
    <property name="java.awt.printerjob" value="sun.awt.windows.WPrinterJob"/>
    <property name="sun.os.patch.level" value=""/>
    <property name="java.library.path" value="C:\Program Files\Java\jdk-11.0.16.1\bin;C:\WINDOWS\Sun\Java\bin;C:\WINDOWS\system32;C:\WINDOWS;C:\Program Files (x86)\Common Files\Oracle\Java\javapath;C:\app\client\product\12.2.0\client_1\bin;C:\WINDOWS\system32;C:\WINDOWS;C:\WINDOWS\System32\Wbem;C:\WINDOWS\System32\WindowsPowerShell\v1.0\;C:\Program Files (x86)\Enterprise Vault\EVClient\x64\;C:\Users\Oraib.Maswadeh\.dnx\bin;C:\Program Files\Microsoft DNX\Dnvm\;C:\Program Files\Microsoft SQL Server\120\Tools\Binn\;C:\Program Files\Microsoft SQL Server\130\Tools\Binn\;C:\WINDOWS\System32\OpenSSH\;C:\Program Files\Common Files\ThinPrint\;C:\Program Files\Git\cmd;\\jawwal.ps\vdi\IT_Profiles\Oraib.Maswadeh\Downloads\apache-maven-3.8.6\bin;C:\Program Files\MySQL\MySQL Utilities 1.6\;C:\Program Files\Java\jdk1.8.0_241\bin;C:\Program Files\MySQL\MySQL Shell 8.0\bin\;C:\Users\Oraib.Maswadeh\AppData\Local\Microsoft\WindowsApps;C:\Users\Oraib.Maswadeh\AppData\Local\GitHubDesktop\bin;C:\Users\Oraib.Maswadeh\AppData\Local\Programs\Microsoft VS Code\bin;."/>
    <property name="java.vendor" value="Oracle Corporation"/>
    <property name="java.vm.info" value="mixed mode"/>
    <property name="java.vm.version" value="11.0.16.1+1-LTS-1"/>
    <property name="sun.io.unicode.encoding" value="UnicodeLittle"/>
    <property name="java.class.version" value="55.0"/>
  </properties>
  <testcase name="testGetRegion" classname="io.fabric8.quickstarts.eip.RegionSupportTest" time="0.011"/>
</testsuite>