<?xml version="1.0" encoding="UTF-8"?>
<testsuite xmlns:xsi="http://www.w3.org/2001/XMLSchema-instance" xsi:noNamespaceSchemaLocation="https://maven.apache.org/surefire/maven-surefire-plugin/xsd/surefire-test-report-3.0.xsd" version="3.0" name="io.fabric8.quickstarts.eip.RegionSupportTest" time="0.341" tests="1" errors="0" skipped="0" failures="0">
  <properties>
    <property name="sun.desktop" value="windows"/>
    <property name="awt.toolkit" value="sun.awt.windows.WToolkit"/>
    <property name="java.specification.version" value="11"/>
    <property name="sun.cpu.isalist" value="amd64"/>
    <property name="sun.jnu.encoding" value="Cp1256"/>
    <property name="java.class.path" value="Y:\jboss-fuse-6.2.1.redhat-084\quickstarts\beginner\camel-eips\target\test-classes;Y:\jboss-fuse-6.2.1.redhat-084\quickstarts\beginner\camel-eips\target\classes;C:\Users\Oraib.Maswadeh\.m2\repository\org\apache\camel\camel-blueprint\2.15.1.redhat-621084\camel-blueprint-2.15.1.redhat-621084.jar;C:\Users\Oraib.Maswadeh\.m2\repository\org\apache\camel\camel-core\2.15.1.redhat-621084\camel-core-2.15.1.redhat-621084.jar;C:\Users\Oraib.Maswadeh\.m2\repository\com\sun\xml\bind\jaxb-core\2.2.11\jaxb-core-2.2.11.jar;C:\Users\Oraib.Maswadeh\.m2\repository\com\sun\xml\bind\jaxb-impl\2.2.11\jaxb-impl-2.2.11.jar;C:\Users\Oraib.Maswadeh\.m2\repository\org\apache\camel\camel-core-xml\2.15.1.redhat-621084\camel-core-xml-2.15.1.redhat-621084.jar;C:\Users\Oraib.Maswadeh\.m2\repository\org\apache\camel\camel-core-osgi\2.15.1.redhat-621084\camel-core-osgi-2.15.1.redhat-621084.jar;C:\Users\Oraib.Maswadeh\.m2\repository\org\slf4j\slf4j-api\1.7.7\slf4j-api-1.7.7.jar;C:\Users\Oraib.Maswadeh\.m2\repository\junit\junit\4.11\junit-4.11.jar;C:\Users\Oraib.Maswadeh\.m2\repository\org\hamcrest\hamcrest-core\1.3\hamcrest-core-1.3.jar;C:\Users\Oraib.Maswadeh\.m2\repository\org\slf4j\slf4j-log4j12\1.7.7\slf4j-log4j12-1.7.7.jar;C:\Users\Oraib.Maswadeh\.m2\repository\log4j\log4j\1.2.17\log4j-1.2.17.jar;C:\Users\Oraib.Maswadeh\.m2\repository\org\apache\camel\camel-activemq\3.5.0\camel-activemq-3.5.0.jar;C:\Users\Oraib.Maswadeh\.m2\repository\org\apache\camel\camel-jms\2.15.1.redhat-621084\camel-jms-2.15.1.redhat-621084.jar;C:\Users\Oraib.Maswadeh\.m2\repository\org\apache\camel\camel-spring\2.15.1.redhat-621084\camel-spring-2.15.1.redhat-621084.jar;C:\Users\Oraib.Maswadeh\.m2\repository\org\springframework\spring-aop\3.2.12.RELEASE\spring-aop-3.2.12.RELEASE.jar;C:\Users\Oraib.Maswadeh\.m2\repository\aopalliance\aopalliance\1.0\aopalliance-1.0.jar;C:\Users\Oraib.Maswadeh\.m2\repository\org\springframework\spring-jms\3.2.12.RELEASE\spring-jms-3.2.12.RELEASE.jar;C:\Users\Oraib.Maswadeh\.m2\repository\org\springframework\spring-core\3.2.12.RELEASE\spring-core-3.2.12.RELEASE.jar;C:\Users\Oraib.Maswadeh\.m2\repository\commons-logging\commons-logging\1.1.3\commons-logging-1.1.3.jar;C:\Users\Oraib.Maswadeh\.m2\repository\org\springframework\spring-context\3.2.12.RELEASE\spring-context-3.2.12.RELEASE.jar;C:\Users\Oraib.Maswadeh\.m2\repository\org\springframework\spring-expression\4.1.6.RELEASE\spring-expression-4.1.6.RELEASE.jar;C:\Users\Oraib.Maswadeh\.m2\repository\org\springframework\spring-tx\3.2.12.RELEASE\spring-tx-3.2.12.RELEASE.jar;C:\Users\Oraib.Maswadeh\.m2\repository\org\springframework\spring-beans\3.2.12.RELEASE\spring-beans-3.2.12.RELEASE.jar;C:\Users\Oraib.Maswadeh\.m2\repository\org\apache\activemq\activemq-spring\5.11.0.redhat-621084\activemq-spring-5.11.0.redhat-621084.jar;C:\Users\Oraib.Maswadeh\.m2\repository\org\apache\xbean\xbean-spring\3.18\xbean-spring-3.18.jar;C:\Users\Oraib.Maswadeh\.m2\repository\org\apache\activemq\activemq-broker\5.11.0.redhat-621084\activemq-broker-5.11.0.redhat-621084.jar;C:\Users\Oraib.Maswadeh\.m2\repository\org\apache\activemq\activemq-openwire-legacy\5.11.0.redhat-621084\activemq-openwire-legacy-5.11.0.redhat-621084.jar;C:\Users\Oraib.Maswadeh\.m2\repository\org\apache\geronimo\specs\geronimo-jta_1.0.1B_spec\1.0.1\geronimo-jta_1.0.1B_spec-1.0.1.jar;C:\Users\Oraib.Maswadeh\.m2\repository\commons-pool\commons-pool\1.6\commons-pool-1.6.jar;C:\Users\Oraib.Maswadeh\.m2\repository\org\apache\activemq\activemq-pool\5.11.0.redhat-621084\activemq-pool-5.11.0.redhat-621084.jar;C:\Users\Oraib.Maswadeh\.m2\repository\org\apache\activemq\activemq-jms-pool\5.11.0.redhat-621084\activemq-jms-pool-5.11.0.redhat-621084.jar;C:\Users\Oraib.Maswadeh\.m2\repository\org\apache\geronimo\specs\geronimo-jms_1.1_spec\1.1.1\geronimo-jms_1.1_spec-1.1.1.jar;C:\Users\Oraib.Maswadeh\.m2\repository\org\apache\activemq\activemq-client\5.11.0.redhat-621084\activemq-client-5.11.0.redhat-621084.jar;C:\Users\Oraib.Maswadeh\.m2\repository\org\fusesource\hawtbuf\hawtbuf\1.11\hawtbuf-1.11.jar;C:\Users\Oraib.Maswadeh\.m2\repository\org\apache\geronimo\specs\geronimo-j2ee-management_1.1_spec\1.0.1\geronimo-j2ee-management_1.1_spec-1.0.1.jar;"/>
    <property name="java.vm.vendor" value="Oracle Corporation"/>
    <property name="sun.arch.data.model" value="64"/>
    <property name="user.variant" value=""/>
    <property name="java.vendor.url" value="https://openjdk.java.net/"/>
    <property name="user.timezone" value="GMT+02:00"/>
    <property name="java.vm.specification.version" value="11"/>
    <property name="os.name" value="Windows 10"/>
    <property name="sun.java.launcher" value="SUN_STANDARD"/>
    <property name="user.country" value="US"/>
    <property name="sun.boot.library.path" value="C:\Program Files\Java\jdk-11.0.16.1\bin"/>
    <property name="sun.java.command" value="C:\Users\Oraib.Maswadeh\AppData\Local\Temp\surefire9188111886576351169\surefirebooter-20221222150952627_3.jar C:\Users\Oraib.Maswadeh\AppData\Local\Temp\surefire9188111886576351169 2022-12-22T15-09-51_546-jvmRun1 surefire-20221222150952627_1tmp surefire_0-20221222150952627_2tmp"/>
    <property name="jdk.debug" value="release"/>
    <property name="surefire.test.class.path" value="Y:\jboss-fuse-6.2.1.redhat-084\quickstarts\beginner\camel-eips\target\test-classes;Y:\jboss-fuse-6.2.1.redhat-084\quickstarts\beginner\camel-eips\target\classes;C:\Users\Oraib.Maswadeh\.m2\repository\org\apache\camel\camel-blueprint\2.15.1.redhat-621084\camel-blueprint-2.15.1.redhat-621084.jar;C:\Users\Oraib.Maswadeh\.m2\repository\org\apache\camel\camel-core\2.15.1.redhat-621084\camel-core-2.15.1.redhat-621084.jar;C:\Users\Oraib.Maswadeh\.m2\repository\com\sun\xml\bind\jaxb-core\2.2.11\jaxb-core-2.2.11.jar;C:\Users\Oraib.Maswadeh\.m2\repository\com\sun\xml\bind\jaxb-impl\2.2.11\jaxb-impl-2.2.11.jar;C:\Users\Oraib.Maswadeh\.m2\repository\org\apache\camel\camel-core-xml\2.15.1.redhat-621084\camel-core-xml-2.15.1.redhat-621084.jar;C:\Users\Oraib.Maswadeh\.m2\repository\org\apache\camel\camel-core-osgi\2.15.1.redhat-621084\camel-core-osgi-2.15.1.redhat-621084.jar;C:\Users\Oraib.Maswadeh\.m2\repository\org\slf4j\slf4j-api\1.7.7\slf4j-api-1.7.7.jar;C:\Users\Oraib.Maswadeh\.m2\repository\junit\junit\4.11\junit-4.11.jar;C:\Users\Oraib.Maswadeh\.m2\repository\org\hamcrest\hamcrest-core\1.3\hamcrest-core-1.3.jar;C:\Users\Oraib.Maswadeh\.m2\repository\org\slf4j\slf4j-log4j12\1.7.7\slf4j-log4j12-1.7.7.jar;C:\Users\Oraib.Maswadeh\.m2\repository\log4j\log4j\1.2.17\log4j-1.2.17.jar;C:\Users\Oraib.Maswadeh\.m2\repository\org\apache\camel\camel-activemq\3.5.0\camel-activemq-3.5.0.jar;C:\Users\Oraib.Maswadeh\.m2\repository\org\apache\camel\camel-jms\2.15.1.redhat-621084\camel-jms-2.15.1.redhat-621084.jar;C:\Users\Oraib.Maswadeh\.m2\repository\org\apache\camel\camel-spring\2.15.1.redhat-621084\camel-spring-2.15.1.redhat-621084.jar;C:\Users\Oraib.Maswadeh\.m2\repository\org\springframework\spring-aop\3.2.12.RELEASE\spring-aop-3.2.12.RELEASE.jar;C:\Users\Oraib.Maswadeh\.m2\repository\aopalliance\aopalliance\1.0\aopalliance-1.0.jar;C:\Users\Oraib.Maswadeh\.m2\repository\org\springframework\spring-jms\3.2.12.RELEASE\spring-jms-3.2.12.RELEASE.jar;C:\Users\Oraib.Maswadeh\.m2\repository\org\springframework\spring-core\3.2.12.RELEASE\spring-core-3.2.12.RELEASE.jar;C:\Users\Oraib.Maswadeh\.m2\repository\commons-logging\commons-logging\1.1.3\commons-logging-1.1.3.jar;C:\Users\Oraib.Maswadeh\.m2\repository\org\springframework\spring-context\3.2.12.RELEASE\spring-context-3.2.12.RELEASE.jar;C:\Users\Oraib.Maswadeh\.m2\repository\org\springframework\spring-expression\4.1.6.RELEASE\spring-expression-4.1.6.RELEASE.jar;C:\Users\Oraib.Maswadeh\.m2\repository\org\springframework\spring-tx\3.2.12.RELEASE\spring-tx-3.2.12.RELEASE.jar;C:\Users\Oraib.Maswadeh\.m2\repository\org\springframework\spring-beans\3.2.12.RELEASE\spring-beans-3.2.12.RELEASE.jar;C:\Users\Oraib.Maswadeh\.m2\repository\org\apache\activemq\activemq-spring\5.11.0.redhat-621084\activemq-spring-5.11.0.redhat-621084.jar;C:\Users\Oraib.Maswadeh\.m2\repository\org\apache\xbean\xbean-spring\3.18\xbean-spring-3.18.jar;C:\Users\Oraib.Maswadeh\.m2\repository\org\apache\activemq\activemq-broker\5.11.0.redhat-621084\activemq-broker-5.11.0.redhat-621084.jar;C:\Users\Oraib.Maswadeh\.m2\repository\org\apache\activemq\activemq-openwire-legacy\5.11.0.redhat-621084\activemq-openwire-legacy-5.11.0.redhat-621084.jar;C:\Users\Oraib.Maswadeh\.m2\repository\org\apache\geronimo\specs\geronimo-jta_1.0.1B_spec\1.0.1\geronimo-jta_1.0.1B_spec-1.0.1.jar;C:\Users\Oraib.Maswadeh\.m2\repository\commons-pool\commons-pool\1.6\commons-pool-1.6.jar;C:\Users\Oraib.Maswadeh\.m2\repository\org\apache\activemq\activemq-pool\5.11.0.redhat-621084\activemq-pool-5.11.0.redhat-621084.jar;C:\Users\Oraib.Maswadeh\.m2\repository\org\apache\activemq\activemq-jms-pool\5.11.0.redhat-621084\activemq-jms-pool-5.11.0.redhat-621084.jar;C:\Users\Oraib.Maswadeh\.m2\repository\org\apache\geronimo\specs\geronimo-jms_1.1_spec\1.1.1\geronimo-jms_1.1_spec-1.1.1.jar;C:\Users\Oraib.Maswadeh\.m2\repository\org\apache\activemq\activemq-client\5.11.0.redhat-621084\activemq-client-5.11.0.redhat-621084.jar;C:\Users\Oraib.Maswadeh\.m2\repository\org\fusesource\hawtbuf\hawtbuf\1.11\hawtbuf-1.11.jar;C:\Users\Oraib.Maswadeh\.m2\repository\org\apache\geronimo\specs\geronimo-j2ee-management_1.1_spec\1.0.1\geronimo-j2ee-management_1.1_spec-1.0.1.jar;"/>
    <property name="sun.cpu.endian" value="little"/>
    <property name="user.home" value="C:\Users\Oraib.Maswadeh"/>
    <property name="user.language" value="en"/>
    <property name="java.specification.vendor" value="Oracle Corporation"/>
    <property name="java.version.date" value="2022-08-18"/>
    <property name="java.home" value="C:\Program Files\Java\jdk-11.0.16.1"/>
    <property name="file.separator" value="\"/>
    <property name="basedir" value="Y:\jboss-fuse-6.2.1.redhat-084\quickstarts\beginner\camel-eips"/>
    <property name="java.vm.compressedOopsMode" value="32-bit"/>
    <property name="line.separator" value="&#10;"/>
    <property name="java.specification.name" value="Java Platform API Specification"/>
    <property name="java.vm.specification.vendor" value="Oracle Corporation"/>
    <property name="java.awt.graphicsenv" value="sun.awt.Win32GraphicsEnvironment"/>
    <property name="surefire.real.class.path" value="C:\Users\Oraib.Maswadeh\AppData\Local\Temp\surefire9188111886576351169\surefirebooter-20221222150952627_3.jar"/>
    <property name="user.script" value=""/>
    <property name="sun.management.compiler" value="HotSpot 64-Bit Tiered Compilers"/>
    <property name="java.runtime.version" value="11.0.16.1+1-LTS-1"/>
    <property name="user.name" value="Oraib.Maswadeh"/>
    <property name="path.separator" value=";"/>
    <property name="os.version" value="10.0"/>
    <property name="java.runtime.name" value="Java(TM) SE Runtime Environment"/>
    <property name="file.encoding" value="Cp1256"/>
    <property name="java.vm.name" value="Java HotSpot(TM) 64-Bit Server VM"/>
    <property name="java.vendor.version" value="18.9"/>
    <property name="localRepository" value="C:\Users\Oraib.Maswadeh\.m2\repository"/>
    <property name="java.vendor.url.bug" value="https://bugreport.java.com/bugreport/"/>
    <property name="java.io.tmpdir" value="C:\Users\ORAIB~1.MAS\AppData\Local\Temp\"/>
    <property name="idea.version" value="2022.2.3"/>
    <property name="java.version" value="11.0.16.1"/>
    <property name="user.dir" value="Y:\jboss-fuse-6.2.1.redhat-084\quickstarts\beginner\camel-eips"/>
    <property name="os.arch" value="amd64"/>
    <property name="java.vm.specification.name" value="Java Virtual Machine Specification"/>
    <property name="java.awt.printerjob" value="sun.awt.windows.WPrinterJob"/>
    <property name="sun.os.patch.level" value=""/>
    <property name="java.library.path" value="C:\Program Files\Java\jdk-11.0.16.1\bin;C:\WINDOWS\Sun\Java\bin;C:\WINDOWS\system32;C:\WINDOWS;C:\Program Files (x86)\Common Files\Oracle\Java\javapath;C:\app\client\product\12.2.0\client_1\bin;C:\WINDOWS\system32;C:\WINDOWS;C:\WINDOWS\System32\Wbem;C:\WINDOWS\System32\WindowsPowerShell\v1.0\;C:\Program Files (x86)\Enterprise Vault\EVClient\x64\;C:\Users\Oraib.Maswadeh\.dnx\bin;C:\Program Files\Microsoft DNX\Dnvm\;C:\Program Files\Microsoft SQL Server\120\Tools\Binn\;C:\Program Files\Microsoft SQL Server\130\Tools\Binn\;C:\WINDOWS\System32\OpenSSH\;C:\Program Files\Common Files\ThinPrint\;C:\Program Files\Git\cmd;\\jawwal.ps\vdi\IT_Profiles\Oraib.Maswadeh\Downloads\apache-maven-3.8.6\bin;C:\Program Files\MySQL\MySQL Utilities 1.6\;C:\Program Files\Java\jdk1.8.0_241\bin;C:\Program Files\MySQL\MySQL Shell 8.0\bin\;C:\Users\Oraib.Maswadeh\AppData\Local\Microsoft\WindowsApps;C:\Users\Oraib.Maswadeh\AppData\Local\GitHubDesktop\bin;C:\Users\Oraib.Maswadeh\AppData\Local\Programs\Microsoft VS Code\bin;."/>
    <property name="java.vendor" value="Oracle Corporation"/>
    <property name="java.vm.info" value="mixed mode"/>
    <property name="java.vm.version" value="11.0.16.1+1-LTS-1"/>
    <property name="sun.io.unicode.encoding" value="UnicodeLittle"/>
    <property name="java.class.version" value="55.0"/>
  </properties>
  <testcase name="testGetRegion" classname="io.fabric8.quickstarts.eip.RegionSupportTest" time="0.018"/>
</testsuite>